[1.666s] Invoking command in '/home/nikunj/v2_tracking_ws/src/robot_description': DEBUGINFOD_URLS=https://debuginfod.ubuntu.com PYTHONPATH=/home/nikunj/v2_tracking_ws/build/robot_description/prefix_override:/usr/lib/python3/dist-packages/colcon_core/task/python/colcon_distutils_commands:/home/nikunj/v2_tracking_ws/install/robot_description/lib/python3.12/site-packages:${PYTHONPATH} /usr/bin/python3 -W ignore:setup.py install is deprecated setup.py egg_info --egg-base ../../build/robot_description build --build-base /home/nikunj/v2_tracking_ws/build/robot_description/build install --record /home/nikunj/v2_tracking_ws/build/robot_description/install.log --single-version-externally-managed install_data
[1.971s] running egg_info
[1.990s] writing ../../build/robot_description/robot_description.egg-info/PKG-INFO
[1.991s] writing dependency_links to ../../build/robot_description/robot_description.egg-info/dependency_links.txt
[1.991s] writing requirements to ../../build/robot_description/robot_description.egg-info/requires.txt
[1.991s] writing top-level names to ../../build/robot_description/robot_description.egg-info/top_level.txt
[2.030s] reading manifest file '../../build/robot_description/robot_description.egg-info/SOURCES.txt'
[2.031s] writing manifest file '../../build/robot_description/robot_description.egg-info/SOURCES.txt'
[2.031s] running build
[2.031s] running build_py
[2.031s] running install
[2.039s] running install_lib
[2.058s] running install_data
[2.059s] creating /home/nikunj/v2_tracking_ws/install/robot_description/share/robot_description/launch
[2.059s] copying launch/display_robot.launch.py -> /home/nikunj/v2_tracking_ws/install/robot_description/share/robot_description/launch
[2.059s] creating /home/nikunj/v2_tracking_ws/install/robot_description/share/robot_description/urdf
[2.059s] copying urdf/robot_model.urdf -> /home/nikunj/v2_tracking_ws/install/robot_description/share/robot_description/urdf
[2.059s] running install_egg_info
[2.080s] removing '/home/nikunj/v2_tracking_ws/install/robot_description/lib/python3.12/site-packages/robot_description-0.0.0-py3.12.egg-info' (and everything under it)
[2.080s] Copying ../../build/robot_description/robot_description.egg-info to /home/nikunj/v2_tracking_ws/install/robot_description/lib/python3.12/site-packages/robot_description-0.0.0-py3.12.egg-info
[2.081s] running install_scripts
[2.219s] writing list of installed files to '/home/nikunj/v2_tracking_ws/build/robot_description/install.log'
[2.250s] Invoked command in '/home/nikunj/v2_tracking_ws/src/robot_description' returned '0': DEBUGINFOD_URLS=https://debuginfod.ubuntu.com PYTHONPATH=/home/nikunj/v2_tracking_ws/build/robot_description/prefix_override:/usr/lib/python3/dist-packages/colcon_core/task/python/colcon_distutils_commands:/home/nikunj/v2_tracking_ws/install/robot_description/lib/python3.12/site-packages:${PYTHONPATH} /usr/bin/python3 -W ignore:setup.py install is deprecated setup.py egg_info --egg-base ../../build/robot_description build --build-base /home/nikunj/v2_tracking_ws/build/robot_description/build install --record /home/nikunj/v2_tracking_ws/build/robot_description/install.log --single-version-externally-managed install_data
