[1.674s] Invoking command in '/home/nikunj/v2_tracking_ws/src/servo_control': DEBUGINFOD_URLS=https://debuginfod.ubuntu.com PYTHONPATH=/home/nikunj/v2_tracking_ws/build/servo_control/prefix_override:/usr/lib/python3/dist-packages/colcon_core/task/python/colcon_distutils_commands:/home/nikunj/v2_tracking_ws/install/servo_control/lib/python3.12/site-packages:${PYTHONPATH} /usr/bin/python3 -W ignore:setup.py install is deprecated setup.py egg_info --egg-base ../../build/servo_control build --build-base /home/nikunj/v2_tracking_ws/build/servo_control/build install --record /home/nikunj/v2_tracking_ws/build/servo_control/install.log --single-version-externally-managed install_data
[1.957s] running egg_info
[1.957s] creating ../../build/servo_control/servo_control.egg-info
[1.976s] writing ../../build/servo_control/servo_control.egg-info/PKG-INFO
[1.976s] writing dependency_links to ../../build/servo_control/servo_control.egg-info/dependency_links.txt
[1.976s] writing requirements to ../../build/servo_control/servo_control.egg-info/requires.txt
[1.976s] writing top-level names to ../../build/servo_control/servo_control.egg-info/top_level.txt
[1.976s] writing manifest file '../../build/servo_control/servo_control.egg-info/SOURCES.txt'
[2.016s] reading manifest file '../../build/servo_control/servo_control.egg-info/SOURCES.txt'
[2.016s] writing manifest file '../../build/servo_control/servo_control.egg-info/SOURCES.txt'
[2.016s] running build
[2.016s] running build_py
[2.016s] creating /home/nikunj/v2_tracking_ws/build/servo_control/build
[2.016s] creating /home/nikunj/v2_tracking_ws/build/servo_control/build/lib
[2.017s] creating /home/nikunj/v2_tracking_ws/build/servo_control/build/lib/servo_control
[2.017s] copying servo_control/__init__.py -> /home/nikunj/v2_tracking_ws/build/servo_control/build/lib/servo_control
[2.017s] running install
[2.024s] running install_lib
[2.044s] creating /home/nikunj/v2_tracking_ws/install/servo_control/lib/python3.12/site-packages/servo_control
[2.045s] copying /home/nikunj/v2_tracking_ws/build/servo_control/build/lib/servo_control/__init__.py -> /home/nikunj/v2_tracking_ws/install/servo_control/lib/python3.12/site-packages/servo_control
[2.045s] byte-compiling /home/nikunj/v2_tracking_ws/install/servo_control/lib/python3.12/site-packages/servo_control/__init__.py to __init__.cpython-312.pyc
[2.045s] running install_data
[2.045s] creating /home/nikunj/v2_tracking_ws/install/servo_control/share/ament_index
[2.045s] creating /home/nikunj/v2_tracking_ws/install/servo_control/share/ament_index/resource_index
[2.045s] creating /home/nikunj/v2_tracking_ws/install/servo_control/share/ament_index/resource_index/packages
[2.045s] copying resource/servo_control -> /home/nikunj/v2_tracking_ws/install/servo_control/share/ament_index/resource_index/packages
[2.045s] copying package.xml -> /home/nikunj/v2_tracking_ws/install/servo_control/share/servo_control
[2.045s] running install_egg_info
[2.065s] Copying ../../build/servo_control/servo_control.egg-info to /home/nikunj/v2_tracking_ws/install/servo_control/lib/python3.12/site-packages/servo_control-0.0.0-py3.12.egg-info
[2.066s] running install_scripts
[2.202s] writing list of installed files to '/home/nikunj/v2_tracking_ws/build/servo_control/install.log'
[2.244s] Invoked command in '/home/nikunj/v2_tracking_ws/src/servo_control' returned '0': DEBUGINFOD_URLS=https://debuginfod.ubuntu.com PYTHONPATH=/home/nikunj/v2_tracking_ws/build/servo_control/prefix_override:/usr/lib/python3/dist-packages/colcon_core/task/python/colcon_distutils_commands:/home/nikunj/v2_tracking_ws/install/servo_control/lib/python3.12/site-packages:${PYTHONPATH} /usr/bin/python3 -W ignore:setup.py install is deprecated setup.py egg_info --egg-base ../../build/servo_control build --build-base /home/nikunj/v2_tracking_ws/build/servo_control/build install --record /home/nikunj/v2_tracking_ws/build/servo_control/install.log --single-version-externally-managed install_data
