[1.640s] Invoking command in '/home/nikunj/v2_tracking_ws/src/robot_description': DEBUGINFOD_URLS=https://debuginfod.ubuntu.com PYTHONPATH=/home/nikunj/v2_tracking_ws/build/robot_description/prefix_override:/usr/lib/python3/dist-packages/colcon_core/task/python/colcon_distutils_commands:/home/nikunj/v2_tracking_ws/install/robot_description/lib/python3.12/site-packages:${PYTHONPATH} /usr/bin/python3 -W ignore:setup.py install is deprecated setup.py egg_info --egg-base ../../build/robot_description build --build-base /home/nikunj/v2_tracking_ws/build/robot_description/build install --record /home/nikunj/v2_tracking_ws/build/robot_description/install.log --single-version-externally-managed install_data
[1.930s] running egg_info
[1.949s] writing ../../build/robot_description/robot_description.egg-info/PKG-INFO
[1.949s] writing dependency_links to ../../build/robot_description/robot_description.egg-info/dependency_links.txt
[1.949s] writing requirements to ../../build/robot_description/robot_description.egg-info/requires.txt
[1.950s] writing top-level names to ../../build/robot_description/robot_description.egg-info/top_level.txt
[1.989s] reading manifest file '../../build/robot_description/robot_description.egg-info/SOURCES.txt'
[1.990s] writing manifest file '../../build/robot_description/robot_description.egg-info/SOURCES.txt'
[1.990s] running build
[1.990s] running build_py
[1.990s] running install
[1.998s] running install_lib
[2.018s] running install_data
[2.018s] copying launch/display_robot.launch.py -> /home/nikunj/v2_tracking_ws/install/robot_description/share/robot_description/launch
[2.018s] running install_egg_info
[2.039s] removing '/home/nikunj/v2_tracking_ws/install/robot_description/lib/python3.12/site-packages/robot_description-0.0.0-py3.12.egg-info' (and everything under it)
[2.039s] Copying ../../build/robot_description/robot_description.egg-info to /home/nikunj/v2_tracking_ws/install/robot_description/lib/python3.12/site-packages/robot_description-0.0.0-py3.12.egg-info
[2.040s] running install_scripts
[2.178s] writing list of installed files to '/home/nikunj/v2_tracking_ws/build/robot_description/install.log'
[2.212s] Invoked command in '/home/nikunj/v2_tracking_ws/src/robot_description' returned '0': DEBUGINFOD_URLS=https://debuginfod.ubuntu.com PYTHONPATH=/home/nikunj/v2_tracking_ws/build/robot_description/prefix_override:/usr/lib/python3/dist-packages/colcon_core/task/python/colcon_distutils_commands:/home/nikunj/v2_tracking_ws/install/robot_description/lib/python3.12/site-packages:${PYTHONPATH} /usr/bin/python3 -W ignore:setup.py install is deprecated setup.py egg_info --egg-base ../../build/robot_description build --build-base /home/nikunj/v2_tracking_ws/build/robot_description/build install --record /home/nikunj/v2_tracking_ws/build/robot_description/install.log --single-version-externally-managed install_data
