[1.685s] Invoking command in '/home/nikunj/v2_tracking_ws/src/camera_input': DEBUGINFOD_URLS=https://debuginfod.ubuntu.com PYTHONPATH=/home/nikunj/v2_tracking_ws/build/camera_input/prefix_override:/usr/lib/python3/dist-packages/colcon_core/task/python/colcon_distutils_commands:/home/nikunj/v2_tracking_ws/install/camera_input/lib/python3.12/site-packages:${PYTHONPATH} /usr/bin/python3 -W ignore:setup.py install is deprecated setup.py egg_info --egg-base ../../build/camera_input build --build-base /home/nikunj/v2_tracking_ws/build/camera_input/build install --record /home/nikunj/v2_tracking_ws/build/camera_input/install.log --single-version-externally-managed install_data
[1.969s] running egg_info
[1.969s] creating ../../build/camera_input/camera_input.egg-info
[1.988s] writing ../../build/camera_input/camera_input.egg-info/PKG-INFO
[1.989s] writing dependency_links to ../../build/camera_input/camera_input.egg-info/dependency_links.txt
[1.989s] writing requirements to ../../build/camera_input/camera_input.egg-info/requires.txt
[1.989s] writing top-level names to ../../build/camera_input/camera_input.egg-info/top_level.txt
[1.989s] writing manifest file '../../build/camera_input/camera_input.egg-info/SOURCES.txt'
[2.028s] reading manifest file '../../build/camera_input/camera_input.egg-info/SOURCES.txt'
[2.029s] writing manifest file '../../build/camera_input/camera_input.egg-info/SOURCES.txt'
[2.029s] running build
[2.030s] running build_py
[2.030s] creating /home/nikunj/v2_tracking_ws/build/camera_input/build
[2.030s] creating /home/nikunj/v2_tracking_ws/build/camera_input/build/lib
[2.030s] creating /home/nikunj/v2_tracking_ws/build/camera_input/build/lib/camera_input
[2.030s] copying camera_input/__init__.py -> /home/nikunj/v2_tracking_ws/build/camera_input/build/lib/camera_input
[2.030s] running install
[2.037s] running install_lib
[2.057s] creating /home/nikunj/v2_tracking_ws/install/camera_input/lib/python3.12/site-packages/camera_input
[2.057s] copying /home/nikunj/v2_tracking_ws/build/camera_input/build/lib/camera_input/__init__.py -> /home/nikunj/v2_tracking_ws/install/camera_input/lib/python3.12/site-packages/camera_input
[2.058s] byte-compiling /home/nikunj/v2_tracking_ws/install/camera_input/lib/python3.12/site-packages/camera_input/__init__.py to __init__.cpython-312.pyc
[2.058s] running install_data
[2.058s] creating /home/nikunj/v2_tracking_ws/install/camera_input/share/ament_index
[2.058s] creating /home/nikunj/v2_tracking_ws/install/camera_input/share/ament_index/resource_index
[2.058s] creating /home/nikunj/v2_tracking_ws/install/camera_input/share/ament_index/resource_index/packages
[2.058s] copying resource/camera_input -> /home/nikunj/v2_tracking_ws/install/camera_input/share/ament_index/resource_index/packages
[2.059s] copying package.xml -> /home/nikunj/v2_tracking_ws/install/camera_input/share/camera_input
[2.059s] running install_egg_info
[2.079s] Copying ../../build/camera_input/camera_input.egg-info to /home/nikunj/v2_tracking_ws/install/camera_input/lib/python3.12/site-packages/camera_input-0.0.0-py3.12.egg-info
[2.080s] running install_scripts
[2.216s] writing list of installed files to '/home/nikunj/v2_tracking_ws/build/camera_input/install.log'
[2.265s] Invoked command in '/home/nikunj/v2_tracking_ws/src/camera_input' returned '0': DEBUGINFOD_URLS=https://debuginfod.ubuntu.com PYTHONPATH=/home/nikunj/v2_tracking_ws/build/camera_input/prefix_override:/usr/lib/python3/dist-packages/colcon_core/task/python/colcon_distutils_commands:/home/nikunj/v2_tracking_ws/install/camera_input/lib/python3.12/site-packages:${PYTHONPATH} /usr/bin/python3 -W ignore:setup.py install is deprecated setup.py egg_info --egg-base ../../build/camera_input build --build-base /home/nikunj/v2_tracking_ws/build/camera_input/build install --record /home/nikunj/v2_tracking_ws/build/camera_input/install.log --single-version-externally-managed install_data
