running egg_info
creating ../../build/ball_tracking/ball_tracking.egg-info
writing ../../build/ball_tracking/ball_tracking.egg-info/PKG-INFO
writing dependency_links to ../../build/ball_tracking/ball_tracking.egg-info/dependency_links.txt
writing requirements to ../../build/ball_tracking/ball_tracking.egg-info/requires.txt
writing top-level names to ../../build/ball_tracking/ball_tracking.egg-info/top_level.txt
writing manifest file '../../build/ball_tracking/ball_tracking.egg-info/SOURCES.txt'
reading manifest file '../../build/ball_tracking/ball_tracking.egg-info/SOURCES.txt'
writing manifest file '../../build/ball_tracking/ball_tracking.egg-info/SOURCES.txt'
running build
running build_py
creating /home/nikunj/v2_tracking_ws/build/ball_tracking/build
creating /home/nikunj/v2_tracking_ws/build/ball_tracking/build/lib
creating /home/nikunj/v2_tracking_ws/build/ball_tracking/build/lib/ball_tracking
copying ball_tracking/__init__.py -> /home/nikunj/v2_tracking_ws/build/ball_tracking/build/lib/ball_tracking
running install
running install_lib
creating /home/nikunj/v2_tracking_ws/install/ball_tracking/lib/python3.12/site-packages/ball_tracking
copying /home/nikunj/v2_tracking_ws/build/ball_tracking/build/lib/ball_tracking/__init__.py -> /home/nikunj/v2_tracking_ws/install/ball_tracking/lib/python3.12/site-packages/ball_tracking
byte-compiling /home/nikunj/v2_tracking_ws/install/ball_tracking/lib/python3.12/site-packages/ball_tracking/__init__.py to __init__.cpython-312.pyc
running install_data
creating /home/nikunj/v2_tracking_ws/install/ball_tracking/share/ament_index
creating /home/nikunj/v2_tracking_ws/install/ball_tracking/share/ament_index/resource_index
creating /home/nikunj/v2_tracking_ws/install/ball_tracking/share/ament_index/resource_index/packages
copying resource/ball_tracking -> /home/nikunj/v2_tracking_ws/install/ball_tracking/share/ament_index/resource_index/packages
copying package.xml -> /home/nikunj/v2_tracking_ws/install/ball_tracking/share/ball_tracking
running install_egg_info
Copying ../../build/ball_tracking/ball_tracking.egg-info to /home/nikunj/v2_tracking_ws/install/ball_tracking/lib/python3.12/site-packages/ball_tracking-0.0.0-py3.12.egg-info
running install_scripts
writing list of installed files to '/home/nikunj/v2_tracking_ws/build/ball_tracking/install.log'
