[1.670s] Invoking command in '/home/nikunj/v2_tracking_ws/src/robot_description': DEBUGINFOD_URLS=https://debuginfod.ubuntu.com PYTHONPATH=/home/nikunj/v2_tracking_ws/build/robot_description/prefix_override:/usr/lib/python3/dist-packages/colcon_core/task/python/colcon_distutils_commands:/home/nikunj/v2_tracking_ws/install/robot_description/lib/python3.12/site-packages:${PYTHONPATH} /usr/bin/python3 -W ignore:setup.py install is deprecated setup.py egg_info --egg-base ../../build/robot_description build --build-base /home/nikunj/v2_tracking_ws/build/robot_description/build install --record /home/nikunj/v2_tracking_ws/build/robot_description/install.log --single-version-externally-managed install_data
[1.955s] running egg_info
[1.974s] writing ../../build/robot_description/robot_description.egg-info/PKG-INFO
[1.974s] writing dependency_links to ../../build/robot_description/robot_description.egg-info/dependency_links.txt
[1.974s] writing requirements to ../../build/robot_description/robot_description.egg-info/requires.txt
[1.974s] writing top-level names to ../../build/robot_description/robot_description.egg-info/top_level.txt
[2.014s] reading manifest file '../../build/robot_description/robot_description.egg-info/SOURCES.txt'
[2.015s] writing manifest file '../../build/robot_description/robot_description.egg-info/SOURCES.txt'
[2.015s] running build
[2.016s] running build_py
[2.016s] running install
[2.023s] running install_lib
[2.043s] running install_data
[2.043s] copying launch/display_robot.launch.py -> /home/nikunj/v2_tracking_ws/install/robot_description/share/robot_description/launch
[2.043s] running install_egg_info
[2.064s] removing '/home/nikunj/v2_tracking_ws/install/robot_description/lib/python3.12/site-packages/robot_description-0.0.0-py3.12.egg-info' (and everything under it)
[2.064s] Copying ../../build/robot_description/robot_description.egg-info to /home/nikunj/v2_tracking_ws/install/robot_description/lib/python3.12/site-packages/robot_description-0.0.0-py3.12.egg-info
[2.065s] running install_scripts
[2.203s] writing list of installed files to '/home/nikunj/v2_tracking_ws/build/robot_description/install.log'
[2.237s] Invoked command in '/home/nikunj/v2_tracking_ws/src/robot_description' returned '0': DEBUGINFOD_URLS=https://debuginfod.ubuntu.com PYTHONPATH=/home/nikunj/v2_tracking_ws/build/robot_description/prefix_override:/usr/lib/python3/dist-packages/colcon_core/task/python/colcon_distutils_commands:/home/nikunj/v2_tracking_ws/install/robot_description/lib/python3.12/site-packages:${PYTHONPATH} /usr/bin/python3 -W ignore:setup.py install is deprecated setup.py egg_info --egg-base ../../build/robot_description build --build-base /home/nikunj/v2_tracking_ws/build/robot_description/build install --record /home/nikunj/v2_tracking_ws/build/robot_description/install.log --single-version-externally-managed install_data
